[validthemes.live/themeforest/examin/index.html]
[backblue.gif]
[fade.gif]
[index.html]
[validthemes.live/themeforest/examin/assets/img/favicon.png]
[validthemes.live/themeforest/examin/assets/css/bootstrap.min.css]
[validthemes.live/themeforest/examin/assets/css/font-awesome.min.css]
[validthemes.live/themeforest/examin/assets/css/flaticon-set.css]
[validthemes.live/themeforest/examin/assets/css/elegant-icons.css]
[validthemes.live/themeforest/examin/assets/css/magnific-popup.css]
[validthemes.live/themeforest/examin/assets/css/owl.carousel.min.css]
[validthemes.live/themeforest/examin/assets/css/owl.theme.default.min.css]
[validthemes.live/themeforest/examin/assets/css/animate.css]
[validthemes.live/themeforest/examin/assets/css/bootsnav.css]
[validthemes.live/themeforest/examin/style.css]
[validthemes.live/themeforest/examin/assets/css/responsive.css]
[validthemes.live/themeforest/examin/assets/img/logo.png]
[validthemes.live/themeforest/examin/index-2.html]
[validthemes.live/themeforest/examin/index-3.html]
[validthemes.live/themeforest/examin/index-5.html]
[validthemes.live/themeforest/examin/index-6.html]
[validthemes.live/themeforest/examin/index-7.html]
[validthemes.live/themeforest/examin/index-4.html]
[validthemes.live/themeforest/examin/index-8.html]
[validthemes.live/themeforest/examin/index-onepage.html]
[validthemes.live/themeforest/examin/index-2-onepage.html]
[validthemes.live/themeforest/examin/index-3-onepage.html]
[validthemes.live/themeforest/examin/index-4-onepage.html]
[validthemes.live/themeforest/examin/index-5-onepage.html]
[validthemes.live/themeforest/examin/index-6-onepage.html]
[validthemes.live/themeforest/examin/index-7-onepage.html]
[validthemes.live/themeforest/examin/index-8-onepage.html]
[validthemes.live/themeforest/examin/gallery-2-colum.html]
[validthemes.live/themeforest/examin/gallery-3-colum.html]
[validthemes.live/themeforest/examin/gallery-4-colum.html]
[validthemes.live/themeforest/examin/gallery-6-colum.html]
[validthemes.live/themeforest/examin/advisor-carousel.html]
[validthemes.live/themeforest/examin/advisor-2-colum.html]
[validthemes.live/themeforest/examin/advisor-3-colum.html]
[validthemes.live/themeforest/examin/advisor-carousel-2.html]
[validthemes.live/themeforest/examin/login.html]
[validthemes.live/themeforest/examin/register.html]
[validthemes.live/themeforest/examin/about-us.html]
[validthemes.live/themeforest/examin/faq.html]
[validthemes.live/themeforest/examin/pricing-table.html]
[validthemes.live/themeforest/examin/contact.html]
[validthemes.live/themeforest/examin/404.html]
[validthemes.live/themeforest/examin/courses.html]
[validthemes.live/themeforest/examin/courses-2.html]
[validthemes.live/themeforest/examin/courses-3.html]
[validthemes.live/themeforest/examin/courses-4.html]
[validthemes.live/themeforest/examin/course-details.html]
[validthemes.live/themeforest/examin/teachers.html]
[validthemes.live/themeforest/examin/teachers-details.html]
[validthemes.live/themeforest/examin/event.html]
[validthemes.live/themeforest/examin/event-2.html]
[validthemes.live/themeforest/examin/event-3.html]
[validthemes.live/themeforest/examin/blog-standard.html]
[validthemes.live/themeforest/examin/blog-left-sidebar.html]
[validthemes.live/themeforest/examin/blog-right-sidebar.html]
[validthemes.live/themeforest/examin/blog-single-standard.html]
[validthemes.live/themeforest/examin/blog-single-left-sidebar.html]
[validthemes.live/themeforest/examin/blog-single-right-sidebar.html]
[validthemes.live/themeforest/examin/assets/img/banner/2.jpg]
[validthemes.live/themeforest/examin/assets/img/banner/3.jpg]
[validthemes.live/themeforest/examin/assets/img/about.jpg]
[validthemes.live/themeforest/examin/assets/img/banner/16.jpg]
[validthemes.live/themeforest/examin/assets/img/courses/f1.jpg]
[validthemes.live/themeforest/examin/assets/img/courses/f2.jpg]
[validthemes.live/themeforest/examin/assets/img/courses/f3.jpg]
[validthemes.live/themeforest/examin/assets/img/courses/1.jpg]
[validthemes.live/themeforest/examin/assets/img/team/7.jpg]
[validthemes.live/themeforest/examin/assets/img/courses/2.jpg]
[validthemes.live/themeforest/examin/assets/img/team/8.jpg]
[validthemes.live/themeforest/examin/assets/img/courses/3.jpg]
[validthemes.live/themeforest/examin/assets/img/team/9.jpg]
[validthemes.live/themeforest/examin/assets/img/courses/4.jpg]
[validthemes.live/themeforest/examin/assets/img/team/2.jpg]
[validthemes.live/themeforest/examin/assets/img/courses/5.jpg]
[validthemes.live/themeforest/examin/assets/img/team/3.jpg]
[validthemes.live/themeforest/examin/assets/img/category/1.jpg]
[validthemes.live/themeforest/examin/assets/img/category/2.jpg]
[validthemes.live/themeforest/examin/assets/img/category/3.jpg]
[validthemes.live/themeforest/examin/assets/img/category/4.jpg]
[validthemes.live/themeforest/examin/assets/img/category/5.jpg]
[validthemes.live/themeforest/examin/assets/img/category/6.jpg]
[validthemes.live/themeforest/examin/assets/img/category/7.jpg]
[validthemes.live/themeforest/examin/assets/img/category/8.jpg]
[validthemes.live/themeforest/examin/assets/img/advisor/1.jpg]
[validthemes.live/themeforest/examin/assets/img/advisor/2.jpg]
[validthemes.live/themeforest/examin/assets/img/advisor/3.jpg]
[validthemes.live/themeforest/examin/assets/img/advisor/4.jpg]
[validthemes.live/themeforest/examin/assets/img/advisor/5.jpg]
[validthemes.live/themeforest/examin/assets/img/event/1.jpg]
[validthemes.live/themeforest/examin/assets/img/event/2.jpg]
[validthemes.live/themeforest/examin/assets/img/event/3.jpg]
[validthemes.live/themeforest/examin/assets/img/event/4.jpg]
[validthemes.live/themeforest/examin/assets/img/contact.png]
[validthemes.live/themeforest/examin/assets/img/team/4.jpg]
[validthemes.live/themeforest/examin/assets/img/blog/1.jpg]
[validthemes.live/themeforest/examin/assets/img/blog/2.jpg]
[validthemes.live/themeforest/examin/assets/img/blog/3.jpg]
[validthemes.live/themeforest/examin/assets/img/clients/1.png]
[validthemes.live/themeforest/examin/assets/img/clients/2.png]
[validthemes.live/themeforest/examin/assets/img/clients/3.png]
[validthemes.live/themeforest/examin/assets/img/clients/4.png]
[validthemes.live/themeforest/examin/assets/img/clients/5.png]
[validthemes.live/themeforest/examin/assets/img/clients/6.png]
[validthemes.live/themeforest/examin/assets/img/clients/7.png]
[validthemes.live/themeforest/examin/assets/img/clients/8.png]
[validthemes.live/themeforest/examin/assets/img/clients/9.png]
[validthemes.live/themeforest/examin/assets/img/logo-light.png]
[validthemes.live/themeforest/examin/assets/js/jquery-1.12.4.min.js]
[validthemes.live/themeforest/examin/assets/js/bootstrap.min.js]
[validthemes.live/themeforest/examin/assets/js/equal-height.min.js]
[validthemes.live/themeforest/examin/assets/js/jquery.appear.js]
[validthemes.live/themeforest/examin/assets/js/jquery.easing.min.js]
[validthemes.live/themeforest/examin/assets/js/jquery.magnific-popup.min.js]
[validthemes.live/themeforest/examin/assets/js/modernizr.custom.13711.js]
[validthemes.live/themeforest/examin/assets/js/owl.carousel.min.js]
[validthemes.live/themeforest/examin/assets/js/wow.min.js]
[validthemes.live/themeforest/examin/assets/js/isotope.pkgd.min.js]
[validthemes.live/themeforest/examin/assets/js/imagesloaded.pkgd.min.js]
[validthemes.live/themeforest/examin/assets/js/count-to.js]
[validthemes.live/themeforest/examin/assets/js/loopcounter.js]
[validthemes.live/themeforest/examin/assets/js/jquery.nice-select.min.js]
[validthemes.live/themeforest/examin/assets/js/bootsnav.js]
[validthemes.live/themeforest/examin/assets/js/main.js]
[validthemes.live/themeforest/examin/index.html]
[validthemes.live/themeforest/examin/assets/css/bootstrap.min.css]
[validthemes.live/themeforest/examin/assets/fonts/fa-brands-400.eot]
[validthemes.live/themeforest/examin/assets/fonts/fa-brands-400d41d.eot]
[validthemes.live/themeforest/examin/assets/fonts/fa-brands-400.woff2]
[validthemes.live/themeforest/examin/assets/fonts/fa-brands-400.woff]
[validthemes.live/themeforest/examin/assets/fonts/fa-brands-400.ttf]
[validthemes.live/themeforest/examin/assets/fonts/fa-regular-400.eot]
[validthemes.live/themeforest/examin/assets/fonts/fa-regular-400d41d.eot]
[validthemes.live/themeforest/examin/assets/fonts/fa-regular-400.woff2]
[validthemes.live/themeforest/examin/assets/fonts/fa-regular-400.woff]
[validthemes.live/themeforest/examin/assets/fonts/fa-regular-400.ttf]
[validthemes.live/themeforest/examin/assets/fonts/fa-solid-900.eot]
[validthemes.live/themeforest/examin/assets/fonts/fa-solid-900d41d.eot]
[validthemes.live/themeforest/examin/assets/fonts/fa-solid-900.woff2]
[validthemes.live/themeforest/examin/assets/fonts/fa-solid-900.woff]
[validthemes.live/themeforest/examin/assets/fonts/fa-solid-900.ttf]
[validthemes.live/themeforest/examin/assets/css/font-awesome.min.css]
[validthemes.live/themeforest/examin/assets/fonts/Flaticon.woff]
[validthemes.live/themeforest/examin/assets/fonts/Flaticon.ttf]
[validthemes.live/themeforest/examin/assets/fonts/Flaticon.svg]
[validthemes.live/themeforest/examin/assets/css/flaticon-set.css]
[validthemes.live/themeforest/examin/assets/fonts/ElegantIcons.eot]
[validthemes.live/themeforest/examin/assets/fonts/ElegantIconsd41d.eot]
[validthemes.live/themeforest/examin/assets/fonts/ElegantIcons.woff]
[validthemes.live/themeforest/examin/assets/fonts/ElegantIcons.ttf]
[validthemes.live/themeforest/examin/assets/fonts/ElegantIcons.svg]
[validthemes.live/themeforest/examin/assets/css/elegant-icons.css]
[validthemes.live/themeforest/examin/assets/css/magnific-popup.css]
[validthemes.live/themeforest/examin/assets/css/owl.carousel.min.css]
[validthemes.live/themeforest/examin/assets/css/owl.theme.default.min.css]
[validthemes.live/themeforest/examin/assets/css/animate.css]
[validthemes.live/themeforest/examin/assets/css/bootsnav.css]
[validthemes.live/themeforest/examin/assets/img/preloader.gif]
[validthemes.live/themeforest/examin/style.css]
[validthemes.live/themeforest/examin/assets/css/responsive.css]
[validthemes.live/themeforest/examin/assets/img/800x800.png]
[validthemes.live/themeforest/examin/assets/img/banner/24.jpg]
[validthemes.live/themeforest/examin/assets/img/banner/5.jpg]
[validthemes.live/themeforest/examin/assets/img/banner/6.jpg]
[validthemes.live/themeforest/examin/assets/img/courses/6.jpg]
[validthemes.live/themeforest/examin/assets/img/banner/15.jpg]
[validthemes.live/themeforest/examin/assets/img/banner/20.jpg]
[validthemes.live/themeforest/examin/assets/img/courses/g1.jpg]
[validthemes.live/themeforest/examin/assets/img/courses/g2.jpg]
[validthemes.live/themeforest/examin/index-2.html]
[validthemes.live/themeforest/examin/assets/img/banner/7.jpg]
[validthemes.live/themeforest/examin/assets/img/banner/8.jpg]
[validthemes.live/themeforest/examin/assets/img/banner/9.jpg]
[validthemes.live/themeforest/examin/assets/img/about/1.jpg]
[validthemes.live/themeforest/examin/assets/img/team/1.jpg]
[validthemes.live/themeforest/examin/assets/img/courses/7.jpg]
[validthemes.live/themeforest/examin/assets/img/banner/12.jpg]
[validthemes.live/themeforest/examin/assets/img/event/5.jpg]
[validthemes.live/themeforest/examin/index-3.html]
[validthemes.live/themeforest/examin/assets/img/banner/11.jpg]
[validthemes.live/themeforest/examin/assets/img/courses/g3.jpg]
[validthemes.live/themeforest/examin/assets/img/banner/1.jpg]
[validthemes.live/themeforest/examin/index-4.html]
[validthemes.live/themeforest/examin/assets/img/banner/18.jpg]
[validthemes.live/themeforest/examin/assets/img/banner/17.jpg]
[validthemes.live/themeforest/examin/assets/img/gallery/1.jpg]
[validthemes.live/themeforest/examin/assets/img/gallery/2.jpg]
[validthemes.live/themeforest/examin/assets/img/gallery/3.jpg]
[validthemes.live/themeforest/examin/assets/img/gallery/4.jpg]
[validthemes.live/themeforest/examin/assets/img/gallery/5.jpg]
[validthemes.live/themeforest/examin/assets/img/gallery/6.jpg]
[validthemes.live/themeforest/examin/index-5.html]
[validthemes.live/themeforest/examin/index-6.html]
[validthemes.live/themeforest/examin/assets/img/thumb.png]
[validthemes.live/themeforest/examin/assets/img/illustration/2.png]
[validthemes.live/themeforest/examin/index-7.html]
[validthemes.live/themeforest/examin/assets/img/about/3.jpg]
[validthemes.live/themeforest/examin/assets/img/about/2.jpg]
[validthemes.live/themeforest/examin/index-8.html]
[validthemes.live/themeforest/examin/index-onepage.html]
[validthemes.live/themeforest/examin/index-2-onepage.html]
[validthemes.live/themeforest/examin/index-3-onepage.html]
[validthemes.live/themeforest/examin/index-4-onepage.html]
[validthemes.live/themeforest/examin/index-5-onepage.html]
[validthemes.live/themeforest/examin/index-6-onepage.html]
[validthemes.live/themeforest/examin/index-7-onepage.html]
[validthemes.live/themeforest/examin/index-8-onepage.html]
[validthemes.live/themeforest/examin/gallery-2-colum.html]
[validthemes.live/themeforest/examin/gallery-3-colum.html]
[validthemes.live/themeforest/examin/assets/img/gallery/7.jpg]
[validthemes.live/themeforest/examin/gallery-4-colum.html]
[validthemes.live/themeforest/examin/gallery-6-colum.html]
[validthemes.live/themeforest/examin/assets/img/gallery/8.jpg]
[validthemes.live/themeforest/examin/advisor-carousel.html]
[validthemes.live/themeforest/examin/advisor-2-colum.html]
[validthemes.live/themeforest/examin/advisor-3-colum.html]
[validthemes.live/themeforest/examin/advisor-carousel-2.html]
[validthemes.live/themeforest/examin/assets/img/banner/25.jpg]
[validthemes.live/themeforest/examin/profile.html]
[validthemes.live/themeforest/examin/login.html]
[validthemes.live/themeforest/examin/register.html]
[validthemes.live/themeforest/examin/assets/img/banner/21.jpg]
[validthemes.live/themeforest/examin/about-us.html]
[validthemes.live/themeforest/examin/edit-profile.html]
[validthemes.live/themeforest/examin/faq.html]
[validthemes.live/themeforest/examin/pricing-table.html]
[validthemes.live/themeforest/examin/contact.html]
[validthemes.live/themeforest/examin/assets/img/banner/10.jpg]
[validthemes.live/themeforest/examin/assets/img/banner/26.jpg]
[validthemes.live/themeforest/examin/404.html]
[validthemes.live/themeforest/examin/courses.html]
[validthemes.live/themeforest/examin/courses-2.html]
[validthemes.live/themeforest/examin/courses-3.html]
[validthemes.live/themeforest/examin/courses-4.html]
[validthemes.live/themeforest/examin/assets/img/team/5.jpg]
[validthemes.live/themeforest/examin/assets/img/courses/vertical.jpg]
[validthemes.live/themeforest/examin/course-details.html]
[validthemes.live/themeforest/examin/teachers.html]
[validthemes.live/themeforest/examin/teachers-details.html]
[validthemes.live/themeforest/examin/assets/img/banner/4.jpg]
[validthemes.live/themeforest/examin/event.html]
[validthemes.live/themeforest/examin/event-2.html]
[validthemes.live/themeforest/examin/event-3.html]
[validthemes.live/themeforest/examin/assets/img/event/6.jpg]
[validthemes.live/themeforest/examin/blog-standard.html]
[validthemes.live/themeforest/examin/assets/img/blog/4.jpg]
[validthemes.live/themeforest/examin/assets/img/blog/thumb-1.jpg]
[validthemes.live/themeforest/examin/assets/img/blog/thumb-2.jpg]
[validthemes.live/themeforest/examin/assets/img/blog/thumb-3.jpg]
[validthemes.live/themeforest/examin/assets/img/blog/thumb-4.jpg]
[validthemes.live/themeforest/examin/assets/img/blog/thumb-5.jpg]
[validthemes.live/themeforest/examin/assets/img/blog/thumb-6.jpg]
[validthemes.live/themeforest/examin/blog-left-sidebar.html]
[validthemes.live/themeforest/examin/blog-right-sidebar.html]
[validthemes.live/themeforest/examin/blog-single-standard.html]
[validthemes.live/themeforest/examin/assets/img/banner/22.jpg]
[validthemes.live/themeforest/examin/blog-single-left-sidebar.html]
[validthemes.live/themeforest/examin/assets/img/banner/23.jpg]
[validthemes.live/themeforest/examin/blog-single-right-sidebar.html]
[validthemes.live/themeforest/examin/assets/fonts/glyphicons-halflings-regular.html]
[validthemes.live/themeforest/examin/assets/fonts/glyphicons-halflings-regulard41d.html]
[validthemes.live/themeforest/examin/assets/fonts/glyphicons-halflings-regular-2.html]
[validthemes.live/themeforest/examin/assets/fonts/glyphicons-halflings-regular-3.html]
[validthemes.live/themeforest/examin/assets/fonts/glyphicons-halflings-regular-4.html]
[validthemes.live/themeforest/examin/assets/fonts/glyphicons-halflings-regular-5.html]
[validthemes.live/themeforest/examin/assets/fonts/fa-brands-400.html]
[validthemes.live/themeforest/examin/assets/fonts/fa-regular-400.html]
[validthemes.live/themeforest/examin/assets/fonts/fa-solid-900.html]
[validthemes.live/themeforest/examin/assets/fonts/Flaticon.html]
[validthemes.live/themeforest/examin/assets/fonts/Flaticond41d.html]
[validthemes.live/themeforest/examin/assets/fonts/Flaticon.svg]
[validthemes.live/themeforest/examin/assets/css/Flaticon.html]
[validthemes.live/themeforest/examin/assets/fonts/ElegantIcons.svg]
[validthemes.live/themeforest/examin/assets/css/ElegantIcons.html]
[validthemes.live/themeforest/examin/assets/css/owl.video.play.html]
[validthemes.live/themeforest/examin/assets/img/courses/6.jpg]
[validthemes.live/themeforest/examin/assets/img/banner/6.jpg]
[validthemes.live/themeforest/examin/assets/img/illustration/2.png]
[validthemes.live/themeforest/examin/assets/img/thumb.png]
[validthemes.live/themeforest/examin/assets/img/about/3.jpg]
[validthemes.live/themeforest/examin/assets/img/about/2.jpg]
[validthemes.live/themeforest/examin/assets/img/team/6.jpg]
[validthemes.live/themeforest/examin/profile.html]
[validthemes.live/themeforest/examin/edit-profile.html]
